# JRE version: Java(TM) SE Runtime Environment (7.0_75-b13) (build 1.7.0_75-b13)
# Java VM: Java HotSpot(TM) 64-Bit Server VM (24.75-b04 mixed mode windows-amd64 compressed oops)
Heap
 PSYoungGen      total 546304K, used 518318K [0x00000007d5680000, 0x00000007f7180000, 0x0000000800000000)
  eden space 540672K, 95% used [0x00000007d5680000,0x00000007f506ac48,0x00000007f6680000)
  from space 5632K, 4% used [0x00000007f6c00000,0x00000007f6c40f90,0x00000007f7180000)
  to   space 5632K, 0% used [0x00000007f6680000,0x00000007f6680000,0x00000007f6c00000)
 ParOldGen       total 87040K, used 4044K [0x0000000780400000, 0x0000000785900000, 0x00000007d5680000)
  object space 87040K, 4% used [0x0000000780400000,0x00000007807f32c0,0x0000000785900000)
 PSPermGen       total 21504K, used 5582K [0x000000077b200000, 0x000000077c700000, 0x0000000780400000)
  object space 21504K, 25% used [0x000000077b200000,0x000000077b773bb8,0x000000077c700000)
GC Heap History (10 events):
Event: 1.042 GC heap before
{Heap before GC invocations=4 (full 0):
 PSYoungGen      total 72704K, used 71699K [0x00000007d5680000, 0x00000007de480000, 0x0000000800000000)
  eden space 67584K, 100% used [0x00000007d5680000,0x00000007d9880000,0x00000007d9880000)
  from space 5120K, 80% used [0x00000007d9880000,0x00000007d9c84fe0,0x00000007d9d80000)
  to   space 5120K, 0% used [0x00000007ddf80000,0x00000007ddf80000,0x00000007de480000)
 ParOldGen       total 87040K, used 0K [0x0000000780400000, 0x0000000785900000, 0x00000007d5680000)
  object space 87040K, 0% used [0x0000000780400000,0x0000000780400000,0x0000000785900000)
 PSPermGen       total 21504K, used 5428K [0x000000077b200000, 0x000000077c700000, 0x0000000780400000)
  object space 21504K, 25% used [0x000000077b200000,0x000000077b74d298,0x000000077c700000)
Event: 1.061 GC heap after
Heap after GC invocations=4 (full 0):
 PSYoungGen      total 140288K, used 4131K [0x00000007d5680000, 0x00000007de480000, 0x0000000800000000)
  eden space 135168K, 0% used [0x00000007d5680000,0x00000007d5680000,0x00000007dda80000)
  from space 5120K, 80% used [0x00000007ddf80000,0x00000007de388df0,0x00000007de480000)
  to   space 5120K, 0% used [0x00000007dda80000,0x00000007dda80000,0x00000007ddf80000)
 ParOldGen       total 87040K, used 0K [0x0000000780400000, 0x0000000785900000, 0x00000007d5680000)
  object space 87040K, 0% used [0x0000000780400000,0x0000000780400000,0x0000000785900000)
 PSPermGen       total 21504K, used 5428K [0x000000077b200000, 0x000000077c700000, 0x0000000780400000)
  object space 21504K, 25% used [0x000000077b200000,0x000000077b74d298,0x000000077c700000)
}
Event: 1.107 GC heap before
{Heap before GC invocations=5 (full 0):
 PSYoungGen      total 140288K, used 139299K [0x00000007d5680000, 0x00000007de480000, 0x0000000800000000)
  eden space 135168K, 100% used [0x00000007d5680000,0x00000007dda80000,0x00000007dda80000)
  from space 5120K, 80% used [0x00000007ddf80000,0x00000007de388df0,0x00000007de480000)
  to   space 5120K, 0% used [0x00000007dda80000,0x00000007dda80000,0x00000007ddf80000)
 ParOldGen       total 87040K, used 0K [0x0000000780400000, 0x0000000785900000, 0x00000007d5680000)
  object space 87040K, 0% used [0x0000000780400000,0x0000000780400000,0x0000000785900000)
 PSPermGen       total 21504K, used 5429K [0x000000077b200000, 0x000000077c700000, 0x0000000780400000)
  object space 21504K, 25% used [0x000000077b200000,0x000000077b74d4b8,0x000000077c700000)
Event: 1.157 GC heap after
Heap after GC invocations=5 (full 0):
 PSYoungGen      total 140288K, used 4200K [0x00000007d5680000, 0x00000007e6780000, 0x0000000800000000)
  eden space 135168K, 0% used [0x00000007d5680000,0x00000007d5680000,0x00000007dda80000)
  from space 5120K, 82% used [0x00000007dda80000,0x00000007dde9a398,0x00000007ddf80000)
  to   space 4608K, 0% used [0x00000007e6300000,0x00000007e6300000,0x00000007e6780000)
 ParOldGen       total 87040K, used 0K [0x0000000780400000, 0x0000000785900000, 0x00000007d5680000)
  object space 87040K, 0% used [0x0000000780400000,0x0000000780400000,0x0000000785900000)
 PSPermGen       total 21504K, used 5429K [0x000000077b200000, 0x000000077c700000, 0x0000000780400000)
  object space 21504K, 25% used [0x000000077b200000,0x000000077b74d4b8,0x000000077c700000)
}
Event: 1.332 GC heap before
{Heap before GC invocations=6 (full 0):
 PSYoungGen      total 140288K, used 139368K [0x00000007d5680000, 0x00000007e6780000, 0x0000000800000000)
  eden space 135168K, 100% used [0x00000007d5680000,0x00000007dda80000,0x00000007dda80000)
  from space 5120K, 82% used [0x00000007dda80000,0x00000007dde9a398,0x00000007ddf80000)
  to   space 4608K, 0% used [0x00000007e6300000,0x00000007e6300000,0x00000007e6780000)
 ParOldGen       total 87040K, used 0K [0x0000000780400000, 0x0000000785900000, 0x00000007d5680000)
  object space 87040K, 0% used [0x0000000780400000,0x0000000780400000,0x0000000785900000)
 PSPermGen       total 21504K, used 5435K [0x000000077b200000, 0x000000077c700000, 0x0000000780400000)
  object space 21504K, 25% used [0x000000077b200000,0x000000077b74efc8,0x000000077c700000)
Event: 1.342 GC heap after
Heap after GC invocations=6 (full 0):
 PSYoungGen      total 274944K, used 4119K [0x00000007d5680000, 0x00000007e6780000, 0x0000000800000000)
  eden space 270336K, 0% used [0x00000007d5680000,0x00000007d5680000,0x00000007e5e80000)
  from space 4608K, 89% used [0x00000007e6300000,0x00000007e6705c78,0x00000007e6780000)
  to   space 4608K, 0% used [0x00000007e5e80000,0x00000007e5e80000,0x00000007e6300000)
 ParOldGen       total 87040K, used 0K [0x0000000780400000, 0x0000000785900000, 0x00000007d5680000)
  object space 87040K, 0% used [0x0000000780400000,0x0000000780400000,0x0000000785900000)
 PSPermGen       total 21504K, used 5435K [0x000000077b200000, 0x000000077c700000, 0x0000000780400000)
  object space 21504K, 25% used [0x000000077b200000,0x000000077b74efc8,0x000000077c700000)
}
Event: 1.409 GC heap before
{Heap before GC invocations=7 (full 0):
 PSYoungGen      total 274944K, used 274455K [0x00000007d5680000, 0x00000007e6780000, 0x0000000800000000)
  eden space 270336K, 100% used [0x00000007d5680000,0x00000007e5e80000,0x00000007e5e80000)
  from space 4608K, 89% used [0x00000007e6300000,0x00000007e6705c78,0x00000007e6780000)
  to   space 4608K, 0% used [0x00000007e5e80000,0x00000007e5e80000,0x00000007e6300000)
 ParOldGen       total 87040K, used 0K [0x0000000780400000, 0x0000000785900000, 0x00000007d5680000)
  object space 87040K, 0% used [0x0000000780400000,0x0000000780400000,0x0000000785900000)
 PSPermGen       total 21504K, used 5435K [0x000000077b200000, 0x000000077c700000, 0x0000000780400000)
  object space 21504K, 25% used [0x000000077b200000,0x000000077b74efc8,0x000000077c700000)
Event: 1.414 GC heap after
Heap after GC invocations=7 (full 0):
 PSYoungGen      total 274944K, used 101K [0x00000007d5680000, 0x00000007f7180000, 0x0000000800000000)
  eden space 270336K, 0% used [0x00000007d5680000,0x00000007d5680000,0x00000007e5e80000)
  from space 4608K, 2% used [0x00000007e5e80000,0x00000007e5e99638,0x00000007e6300000)
  to   space 5632K, 0% used [0x00000007f6c00000,0x00000007f6c00000,0x00000007f7180000)
 ParOldGen       total 87040K, used 4044K [0x0000000780400000, 0x0000000785900000, 0x00000007d5680000)
  object space 87040K, 4% used [0x0000000780400000,0x00000007807f32c0,0x0000000785900000)
 PSPermGen       total 21504K, used 5435K [0x000000077b200000, 0x000000077c700000, 0x0000000780400000)
  object space 21504K, 25% used [0x000000077b200000,0x000000077b74efc8,0x000000077c700000)
}
Event: 1.451 GC heap before
{Heap before GC invocations=8 (full 0):
 PSYoungGen      total 274944K, used 270437K [0x00000007d5680000, 0x00000007f7180000, 0x0000000800000000)
  eden space 270336K, 100% used [0x00000007d5680000,0x00000007e5e80000,0x00000007e5e80000)
  from space 4608K, 2% used [0x00000007e5e80000,0x00000007e5e99638,0x00000007e6300000)
  to   space 5632K, 0% used [0x00000007f6c00000,0x00000007f6c00000,0x00000007f7180000)
 ParOldGen       total 87040K, used 4044K [0x0000000780400000, 0x0000000785900000, 0x00000007d5680000)
  object space 87040K, 4% used [0x0000000780400000,0x00000007807f32c0,0x0000000785900000)
 PSPermGen       total 21504K, used 5435K [0x000000077b200000, 0x000000077c700000, 0x0000000780400000)
  object space 21504K, 25% used [0x000000077b200000,0x000000077b74efc8,0x000000077c700000)
Event: 1.451 GC heap after
Heap after GC invocations=8 (full 0):
 PSYoungGen      total 546304K, used 259K [0x00000007d5680000, 0x00000007f7180000, 0x0000000800000000)
  eden space 540672K, 0% used [0x00000007d5680000,0x00000007d5680000,0x00000007f6680000)
  from space 5632K, 4% used [0x00000007f6c00000,0x00000007f6c40f90,0x00000007f7180000)
  to   space 5632K, 0% used [0x00000007f6680000,0x00000007f6680000,0x00000007f6c00000)
 ParOldGen       total 87040K, used 4044K [0x0000000780400000, 0x0000000785900000, 0x00000007d5680000)
  object space 87040K, 4% used [0x0000000780400000,0x00000007807f32c0,0x0000000785900000)
 PSPermGen       total 21504K, used 5435K [0x000000077b200000, 0x000000077c700000, 0x0000000780400000)
  object space 21504K, 25% used [0x000000077b200000,0x000000077b74efc8,0x000000077c700000)
}

